Performing C SOURCE FILE Test C_WCOMMENT_ALLOWS_LINE_WRAP failed with the following output:
Change Dir: /data/dagongcheng/yktest/mlir-snn/build/CMakeFiles/CMakeTmp

Run Build Command(s):/data/hxl/xlsoft/anaconda3/bin/ninja cmTC_26015 && [1/2] Building C object CMakeFiles/cmTC_26015.dir/src.c.o
FAILED: CMakeFiles/cmTC_26015.dir/src.c.o 
/usr/bin/cc -DC_WCOMMENT_ALLOWS_LINE_WRAP  -fPIC -fno-semantic-interposition -Werror=date-time -Wall -Wextra -Wno-unused-parameter -Wwrite-strings -Wcast-qual -Wno-missing-field-initializers -Wimplicit-fallthrough  -Werror -Wcomment -o CMakeFiles/cmTC_26015.dir/src.c.o -c /data/dagongcheng/yktest/mlir-snn/build/CMakeFiles/CMakeTmp/src.c
/data/dagongcheng/yktest/mlir-snn/build/CMakeFiles/CMakeTmp/src.c:1:1: error: multi-line comment [-Werror=comment]
    1 | // \
      | ^
cc1: all warnings being treated as errors
ninja: build stopped: subcommand failed.


Source file was:
// \
//
int main(void) {return 0;}
Performing C SOURCE FILE Test C_SUPPORTS_CTAD_MAYBE_UNSPPORTED_FLAG failed with the following output:
Change Dir: /data/dagongcheng/yktest/mlir-snn/build/CMakeFiles/CMakeTmp

Run Build Command(s):/data/hxl/xlsoft/anaconda3/bin/ninja cmTC_3d513 && [1/2] Building C object CMakeFiles/cmTC_3d513.dir/src.c.o
FAILED: CMakeFiles/cmTC_3d513.dir/src.c.o 
/usr/bin/cc -DC_SUPPORTS_CTAD_MAYBE_UNSPPORTED_FLAG  -fPIC -fno-semantic-interposition -Werror=date-time -Wall -Wextra -Wno-unused-parameter -Wwrite-strings -Wcast-qual -Wno-missing-field-initializers -Wimplicit-fallthrough -Wno-comment    -Werror -Wctad-maybe-unsupported -o CMakeFiles/cmTC_3d513.dir/src.c.o -c /data/dagongcheng/yktest/mlir-snn/build/CMakeFiles/CMakeTmp/src.c
cc1: error: command-line option '-Wctad-maybe-unsupported' is valid for C++/ObjC++ but not for C [-Werror]
cc1: all warnings being treated as errors
ninja: build stopped: subcommand failed.


Source file was:
int main(void) { return 0; }
Performing C++ SOURCE FILE Test LINKER_SUPPORTS_COLOR_DIAGNOSTICS failed with the following output:
Change Dir: /data/dagongcheng/yktest/mlir-snn/build/CMakeFiles/CMakeTmp

Run Build Command(s):/data/hxl/xlsoft/anaconda3/bin/ninja cmTC_75e0a && [1/2] Building CXX object CMakeFiles/cmTC_75e0a.dir/src.cxx.o
[2/2] Linking CXX executable cmTC_75e0a
FAILED: cmTC_75e0a 
: && /usr/bin/c++ -fPIC -fno-semantic-interposition -fvisibility-inlines-hidden -Werror=date-time -Wall -Wextra -Wno-unused-parameter -Wwrite-strings -Wcast-qual -Wno-missing-field-initializers -Wimplicit-fallthrough -Wno-nonnull -Wno-class-memaccess -Wno-redundant-move -Wno-pessimizing-move -Wno-noexcept-type -Wdelete-non-virtual-dtor -Wsuggest-override -Wno-comment -Wno-misleading-indentation -Wctad-maybe-unsupported -fdiagnostics-color -Wl,--color-diagnostics CMakeFiles/cmTC_75e0a.dir/src.cxx.o -o cmTC_75e0a   && :
/usr/bin/ld: unrecognized option '--color-diagnostics'
/usr/bin/ld: use the --help option for usage information
collect2: error: ld returned 1 exit status
ninja: build stopped: subcommand failed.


Source file was:
int main() { return 0; }
Determining if the os_signpost_interval_begin exist failed with the following output:
Change Dir: /data/dagongcheng/yktest/mlir-snn/build/CMakeFiles/CMakeTmp

Run Build Command(s):/data/hxl/xlsoft/anaconda3/bin/ninja cmTC_c5c17 && [1/2] Building C object CMakeFiles/cmTC_c5c17.dir/CheckSymbolExists.c.o
FAILED: CMakeFiles/cmTC_c5c17.dir/CheckSymbolExists.c.o 
/usr/bin/cc   -fPIC -fno-semantic-interposition -Wall -Wextra -Wno-unused-parameter -Wwrite-strings -Wcast-qual -Wno-missing-field-initializers -Wimplicit-fallthrough -Wno-comment -fdiagnostics-color -ffunction-sections -fdata-sections -o CMakeFiles/cmTC_c5c17.dir/CheckSymbolExists.c.o -c /data/dagongcheng/yktest/mlir-snn/build/CMakeFiles/CMakeTmp/CheckSymbolExists.c
/data/dagongcheng/yktest/mlir-snn/build/CMakeFiles/CMakeTmp/CheckSymbolExists.c:2:10: fatal error: os/signpost.h: No such file or directory
    2 | #include <os/signpost.h>
      |          ^~~~~~~~~~~~~~~
compilation terminated.
ninja: build stopped: subcommand failed.


File /data/dagongcheng/yktest/mlir-snn/build/CMakeFiles/CMakeTmp/CheckSymbolExists.c:
/* */
#include <os/signpost.h>

int main(int argc, char** argv)
{
  (void)argv;
#ifndef os_signpost_interval_begin
  return ((int*)(&os_signpost_interval_begin))[argc];
#else
  (void)argc;
  return 0;
#endif
}
